# JRE version: OpenJDK Runtime Environment Temurin-21.0.11+10 (21.0.11+10) (build 21.0.11+10-LTS)
# Java VM: OpenJDK 64-Bit Server VM Temurin-21.0.11+10 (21.0.11+10-LTS, mixed mode, sharing, tiered, compressed oops, compressed class ptrs, parallel gc, windows-amd64)
GC Precious Log:
 CardTable entry size: 512
 CPUs: 8 total, 8 available
 Memory: 7379M
 Large Page Support: Disabled
 NUMA Support: Disabled
 Compressed Oops: Enabled (32-bit)
 Alignments: Space 512K, Generation 512K, Heap 2M
 Heap Min Capacity: 100M
 Heap Initial Capacity: 100M
 Heap Max Capacity: 2G
 Pre-touch: Disabled
 Parallel Workers: 8
Heap:
 PSYoungGen      total 3072K, used 847K [0x00000000d5580000, 0x00000000d5900000, 0x0000000100000000)
  eden space 2560K, 18% used [0x00000000d5580000,0x00000000d55f8dd0,0x00000000d5800000)
  from space 512K, 75% used [0x00000000d5880000,0x00000000d58e0020,0x00000000d5900000)
  to   space 512K, 0% used [0x00000000d5800000,0x00000000d5800000,0x00000000d5880000)
 ParOldGen       total 291840K, used 269277K [0x0000000080000000, 0x0000000091d00000, 0x00000000d5580000)
  object space 291840K, 92% used [0x0000000080000000,0x00000000906f7788,0x0000000091d00000)
 Metaspace       used 64554K, committed 66112K, reserved 1114112K
  class space    used 6942K, committed 7616K, reserved 1048576K
GC Heap History (20 events):
Event: 71.082 GC heap before
{Heap before GC invocations=1327 (full 3):
 PSYoungGen      total 2560K, used 1814K [0x00000000d5580000, 0x00000000d5880000, 0x0000000100000000)
  eden space 1536K, 99% used [0x00000000d5580000,0x00000000d56fd810,0x00000000d5700000)
  from space 1024K, 28% used [0x00000000d5700000,0x00000000d5748020,0x00000000d5800000)
  to   space 512K, 0% used [0x00000000d5800000,0x00000000d5800000,0x00000000d5880000)
 ParOldGen       total 291840K, used 264803K [0x0000000080000000, 0x0000000091d00000, 0x00000000d5580000)
  object space 291840K, 90% used [0x0000000080000000,0x0000000090298e28,0x0000000091d00000)
 Metaspace       used 64552K, committed 66112K, reserved 1114112K
  class space    used 6941K, committed 7616K, reserved 1048576K
}
Event: 71.083 GC heap after
{Heap after GC invocations=1327 (full 3):
 PSYoungGen      total 2048K, used 304K [0x00000000d5580000, 0x00000000d5880000, 0x0000000100000000)
  eden space 1536K, 0% used [0x00000000d5580000,0x00000000d5580000,0x00000000d5700000)
  from space 512K, 59% used [0x00000000d5800000,0x00000000d584c030,0x00000000d5880000)
  to   space 512K, 0% used [0x00000000d5780000,0x00000000d5780000,0x00000000d5800000)
 ParOldGen       total 291840K, used 264883K [0x0000000080000000, 0x0000000091d00000, 0x00000000d5580000)
  object space 291840K, 90% used [0x0000000080000000,0x00000000902ace28,0x0000000091d00000)
 Metaspace       used 64552K, committed 66112K, reserved 1114112K
  class space    used 6941K, committed 7616K, reserved 1048576K
}
Event: 71.104 GC heap before
{Heap before GC invocations=1328 (full 3):
 PSYoungGen      total 2048K, used 1836K [0x00000000d5580000, 0x00000000d5880000, 0x0000000100000000)
  eden space 1536K, 99% used [0x00000000d5580000,0x00000000d56ff2e8,0x00000000d5700000)
  from space 512K, 59% used [0x00000000d5800000,0x00000000d584c030,0x00000000d5880000)
  to   space 512K, 0% used [0x00000000d5780000,0x00000000d5780000,0x00000000d5800000)
 ParOldGen       total 291840K, used 264883K [0x0000000080000000, 0x0000000091d00000, 0x00000000d5580000)
  object space 291840K, 90% used [0x0000000080000000,0x00000000902ace28,0x0000000091d00000)
 Metaspace       used 64552K, committed 66112K, reserved 1114112K
  class space    used 6941K, committed 7616K, reserved 1048576K
}
Event: 71.105 GC heap after
{Heap after GC invocations=1328 (full 3):
 PSYoungGen      total 2048K, used 288K [0x00000000d5580000, 0x00000000d5880000, 0x0000000100000000)
  eden space 1536K, 0% used [0x00000000d5580000,0x00000000d5580000,0x00000000d5700000)
  from space 512K, 56% used [0x00000000d5780000,0x00000000d57c8000,0x00000000d5800000)
  to   space 512K, 0% used [0x00000000d5800000,0x00000000d5800000,0x00000000d5880000)
 ParOldGen       total 291840K, used 264947K [0x0000000080000000, 0x0000000091d00000, 0x00000000d5580000)
  object space 291840K, 90% used [0x0000000080000000,0x00000000902bce28,0x0000000091d00000)
 Metaspace       used 64552K, committed 66112K, reserved 1114112K
  class space    used 6941K, committed 7616K, reserved 1048576K
}
Event: 71.123 GC heap before
{Heap before GC invocations=1329 (full 3):
 PSYoungGen      total 2048K, used 1824K [0x00000000d5580000, 0x00000000d5880000, 0x0000000100000000)
  eden space 1536K, 100% used [0x00000000d5580000,0x00000000d5700000,0x00000000d5700000)
  from space 512K, 56% used [0x00000000d5780000,0x00000000d57c8000,0x00000000d5800000)
  to   space 512K, 0% used [0x00000000d5800000,0x00000000d5800000,0x00000000d5880000)
 ParOldGen       total 291840K, used 264947K [0x0000000080000000, 0x0000000091d00000, 0x00000000d5580000)
  object space 291840K, 90% used [0x0000000080000000,0x00000000902bce28,0x0000000091d00000)
 Metaspace       used 64552K, committed 66112K, reserved 1114112K
  class space    used 6941K, committed 7616K, reserved 1048576K
}
Event: 71.124 GC heap after
{Heap after GC invocations=1329 (full 3):
 PSYoungGen      total 2048K, used 240K [0x00000000d5580000, 0x00000000d5880000, 0x0000000100000000)
  eden space 1536K, 0% used [0x00000000d5580000,0x00000000d5580000,0x00000000d5700000)
  from space 512K, 46% used [0x00000000d5800000,0x00000000d583c010,0x00000000d5880000)
  to   space 512K, 0% used [0x00000000d5780000,0x00000000d5780000,0x00000000d5800000)
 ParOldGen       total 291840K, used 265067K [0x0000000080000000, 0x0000000091d00000, 0x00000000d5580000)
  object space 291840K, 90% used [0x0000000080000000,0x00000000902dae28,0x0000000091d00000)
 Metaspace       used 64552K, committed 66112K, reserved 1114112K
  class space    used 6941K, committed 7616K, reserved 1048576K
}
Event: 71.171 GC heap before
{Heap before GC invocations=1330 (full 3):
 PSYoungGen      total 2048K, used 1776K [0x00000000d5580000, 0x00000000d5880000, 0x0000000100000000)
  eden space 1536K, 100% used [0x00000000d5580000,0x00000000d5700000,0x00000000d5700000)
  from space 512K, 46% used [0x00000000d5800000,0x00000000d583c010,0x00000000d5880000)
  to   space 512K, 0% used [0x00000000d5780000,0x00000000d5780000,0x00000000d5800000)
 ParOldGen       total 291840K, used 265067K [0x0000000080000000, 0x0000000091d00000, 0x00000000d5580000)
  object space 291840K, 90% used [0x0000000080000000,0x00000000902dae28,0x0000000091d00000)
 Metaspace       used 64552K, committed 66112K, reserved 1114112K
  class space    used 6941K, committed 7616K, reserved 1048576K
}
Event: 71.172 GC heap after
{Heap after GC invocations=1330 (full 3):
 PSYoungGen      total 2048K, used 384K [0x00000000d5580000, 0x00000000d5880000, 0x0000000100000000)
  eden space 1536K, 0% used [0x00000000d5580000,0x00000000d5580000,0x00000000d5700000)
  from space 512K, 75% used [0x00000000d5780000,0x00000000d57e0040,0x00000000d5800000)
  to   space 512K, 0% used [0x00000000d5800000,0x00000000d5800000,0x00000000d5880000)
 ParOldGen       total 291840K, used 265123K [0x0000000080000000, 0x0000000091d00000, 0x00000000d5580000)
  object space 291840K, 90% used [0x0000000080000000,0x00000000902e8e28,0x0000000091d00000)
 Metaspace       used 64552K, committed 66112K, reserved 1114112K
  class space    used 6941K, committed 7616K, reserved 1048576K
}
Event: 71.175 GC heap before
{Heap before GC invocations=1331 (full 3):
 PSYoungGen      total 2048K, used 1920K [0x00000000d5580000, 0x00000000d5880000, 0x0000000100000000)
  eden space 1536K, 100% used [0x00000000d5580000,0x00000000d5700000,0x00000000d5700000)
  from space 512K, 75% used [0x00000000d5780000,0x00000000d57e0040,0x00000000d5800000)
  to   space 512K, 0% used [0x00000000d5800000,0x00000000d5800000,0x00000000d5880000)
 ParOldGen       total 291840K, used 265123K [0x0000000080000000, 0x0000000091d00000, 0x00000000d5580000)
  object space 291840K, 90% used [0x0000000080000000,0x00000000902e8e28,0x0000000091d00000)
 Metaspace       used 64552K, committed 66112K, reserved 1114112K
  class space    used 6941K, committed 7616K, reserved 1048576K
}
Event: 71.176 GC heap after
{Heap after GC invocations=1331 (full 3):
 PSYoungGen      total 2048K, used 496K [0x00000000d5580000, 0x00000000d5900000, 0x0000000100000000)
  eden space 1536K, 0% used [0x00000000d5580000,0x00000000d5580000,0x00000000d5700000)
  from space 512K, 96% used [0x00000000d5800000,0x00000000d587c010,0x00000000d5880000)
  to   space 1024K, 0% used [0x00000000d5700000,0x00000000d5700000,0x00000000d5800000)
 ParOldGen       total 291840K, used 265267K [0x0000000080000000, 0x0000000091d00000, 0x00000000d5580000)
  object space 291840K, 90% used [0x0000000080000000,0x000000009030ce28,0x0000000091d00000)
 Metaspace       used 64552K, committed 66112K, reserved 1114112K
  class space    used 6941K, committed 7616K, reserved 1048576K
}
Event: 71.182 GC heap before
{Heap before GC invocations=1332 (full 3):
 PSYoungGen      total 2048K, used 2032K [0x00000000d5580000, 0x00000000d5900000, 0x0000000100000000)
  eden space 1536K, 100% used [0x00000000d5580000,0x00000000d5700000,0x00000000d5700000)
  from space 512K, 96% used [0x00000000d5800000,0x00000000d587c010,0x00000000d5880000)
  to   space 1024K, 0% used [0x00000000d5700000,0x00000000d5700000,0x00000000d5800000)
 ParOldGen       total 291840K, used 265267K [0x0000000080000000, 0x0000000091d00000, 0x00000000d5580000)
  object space 291840K, 90% used [0x0000000080000000,0x000000009030ce28,0x0000000091d00000)
 Metaspace       used 64552K, committed 66112K, reserved 1114112K
  class space    used 6941K, committed 7616K, reserved 1048576K
}
Event: 71.184 GC heap after
{Heap after GC invocations=1332 (full 3):
 PSYoungGen      total 2560K, used 480K [0x00000000d5580000, 0x00000000d5900000, 0x0000000100000000)
  eden space 1536K, 0% used [0x00000000d5580000,0x00000000d5580000,0x00000000d5700000)
  from space 1024K, 46% used [0x00000000d5700000,0x00000000d5778000,0x00000000d5800000)
  to   space 1024K, 0% used [0x00000000d5800000,0x00000000d5800000,0x00000000d5900000)
 ParOldGen       total 291840K, used 265674K [0x0000000080000000, 0x0000000091d00000, 0x00000000d5580000)
  object space 291840K, 91% used [0x0000000080000000,0x0000000090372ac8,0x0000000091d00000)
 Metaspace       used 64552K, committed 66112K, reserved 1114112K
  class space    used 6941K, committed 7616K, reserved 1048576K
}
Event: 71.199 GC heap before
{Heap before GC invocations=1333 (full 3):
 PSYoungGen      total 2560K, used 2013K [0x00000000d5580000, 0x00000000d5900000, 0x0000000100000000)
  eden space 1536K, 99% used [0x00000000d5580000,0x00000000d56ff440,0x00000000d5700000)
  from space 1024K, 46% used [0x00000000d5700000,0x00000000d5778000,0x00000000d5800000)
  to   space 1024K, 0% used [0x00000000d5800000,0x00000000d5800000,0x00000000d5900000)
 ParOldGen       total 291840K, used 265674K [0x0000000080000000, 0x0000000091d00000, 0x00000000d5580000)
  object space 291840K, 91% used [0x0000000080000000,0x0000000090372ac8,0x0000000091d00000)
 Metaspace       used 64552K, committed 66112K, reserved 1114112K
  class space    used 6941K, committed 7616K, reserved 1048576K
}
Event: 71.201 GC heap after
{Heap after GC invocations=1333 (full 3):
 PSYoungGen      total 2560K, used 576K [0x00000000d5580000, 0x00000000d5900000, 0x0000000100000000)
  eden space 1536K, 0% used [0x00000000d5580000,0x00000000d5580000,0x00000000d5700000)
  from space 1024K, 56% used [0x00000000d5800000,0x00000000d5890020,0x00000000d5900000)
  to   space 1024K, 0% used [0x00000000d5700000,0x00000000d5700000,0x00000000d5800000)
 ParOldGen       total 291840K, used 266069K [0x0000000080000000, 0x0000000091d00000, 0x00000000d5580000)
  object space 291840K, 91% used [0x0000000080000000,0x00000000903d5748,0x0000000091d00000)
 Metaspace       used 64552K, committed 66112K, reserved 1114112K
  class space    used 6941K, committed 7616K, reserved 1048576K
}
Event: 71.222 GC heap before
{Heap before GC invocations=1334 (full 3):
 PSYoungGen      total 2560K, used 2112K [0x00000000d5580000, 0x00000000d5900000, 0x0000000100000000)
  eden space 1536K, 99% used [0x00000000d5580000,0x00000000d56ffff8,0x00000000d5700000)
  from space 1024K, 56% used [0x00000000d5800000,0x00000000d5890020,0x00000000d5900000)
  to   space 1024K, 0% used [0x00000000d5700000,0x00000000d5700000,0x00000000d5800000)
 ParOldGen       total 291840K, used 266069K [0x0000000080000000, 0x0000000091d00000, 0x00000000d5580000)
  object space 291840K, 91% used [0x0000000080000000,0x00000000903d5748,0x0000000091d00000)
 Metaspace       used 64554K, committed 66112K, reserved 1114112K
  class space    used 6942K, committed 7616K, reserved 1048576K
}
Event: 71.224 GC heap after
{Heap after GC invocations=1334 (full 3):
 PSYoungGen      total 2560K, used 544K [0x00000000d5580000, 0x00000000d5900000, 0x0000000100000000)
  eden space 1536K, 0% used [0x00000000d5580000,0x00000000d5580000,0x00000000d5700000)
  from space 1024K, 53% used [0x00000000d5700000,0x00000000d5788020,0x00000000d5800000)
  to   space 1024K, 0% used [0x00000000d5800000,0x00000000d5800000,0x00000000d5900000)
 ParOldGen       total 291840K, used 266429K [0x0000000080000000, 0x0000000091d00000, 0x00000000d5580000)
  object space 291840K, 91% used [0x0000000080000000,0x000000009042f748,0x0000000091d00000)
 Metaspace       used 64554K, committed 66112K, reserved 1114112K
  class space    used 6942K, committed 7616K, reserved 1048576K
}
Event: 71.236 GC heap before
{Heap before GC invocations=1335 (full 3):
 PSYoungGen      total 2560K, used 2080K [0x00000000d5580000, 0x00000000d5900000, 0x0000000100000000)
  eden space 1536K, 100% used [0x00000000d5580000,0x00000000d5700000,0x00000000d5700000)
  from space 1024K, 53% used [0x00000000d5700000,0x00000000d5788020,0x00000000d5800000)
  to   space 1024K, 0% used [0x00000000d5800000,0x00000000d5800000,0x00000000d5900000)
 ParOldGen       total 291840K, used 266429K [0x0000000080000000, 0x0000000091d00000, 0x00000000d5580000)
  object space 291840K, 91% used [0x0000000080000000,0x000000009042f748,0x0000000091d00000)
 Metaspace       used 64554K, committed 66112K, reserved 1114112K
  class space    used 6942K, committed 7616K, reserved 1048576K
}
Event: 71.237 GC heap after
{Heap after GC invocations=1335 (full 3):
 PSYoungGen      total 2048K, used 432K [0x00000000d5580000, 0x00000000d5880000, 0x0000000100000000)
  eden space 1536K, 0% used [0x00000000d5580000,0x00000000d5580000,0x00000000d5700000)
  from space 512K, 84% used [0x00000000d5800000,0x00000000d586c010,0x00000000d5880000)
  to   space 512K, 0% used [0x00000000d5780000,0x00000000d5780000,0x00000000d5800000)
 ParOldGen       total 291840K, used 266805K [0x0000000080000000, 0x0000000091d00000, 0x00000000d5580000)
  object space 291840K, 91% used [0x0000000080000000,0x000000009048d748,0x0000000091d00000)
 Metaspace       used 64554K, committed 66112K, reserved 1114112K
  class space    used 6942K, committed 7616K, reserved 1048576K
}
Event: 71.271 GC heap before
{Heap before GC invocations=1336 (full 3):
 PSYoungGen      total 2048K, used 1968K [0x00000000d5580000, 0x00000000d5880000, 0x0000000100000000)
  eden space 1536K, 100% used [0x00000000d5580000,0x00000000d5700000,0x00000000d5700000)
  from space 512K, 84% used [0x00000000d5800000,0x00000000d586c010,0x00000000d5880000)
  to   space 512K, 0% used [0x00000000d5780000,0x00000000d5780000,0x00000000d5800000)
 ParOldGen       total 291840K, used 266805K [0x0000000080000000, 0x0000000091d00000, 0x00000000d5580000)
  object space 291840K, 91% used [0x0000000080000000,0x000000009048d748,0x0000000091d00000)
 Metaspace       used 64554K, committed 66112K, reserved 1114112K
  class space    used 6942K, committed 7616K, reserved 1048576K
}
Event: 72.267 GC heap after
{Heap after GC invocations=1336 (full 3):
 PSYoungGen      total 2048K, used 480K [0x00000000d5580000, 0x00000000d5900000, 0x0000000100000000)
  eden space 1536K, 0% used [0x00000000d5580000,0x00000000d5580000,0x00000000d5700000)
  from space 512K, 93% used [0x00000000d5780000,0x00000000d57f8020,0x00000000d5800000)
  to   space 1024K, 0% used [0x00000000d5800000,0x00000000d5800000,0x00000000d5900000)
 ParOldGen       total 291840K, used 266957K [0x0000000080000000, 0x0000000091d00000, 0x00000000d5580000)
  object space 291840K, 91% used [0x0000000080000000,0x00000000904b3748,0x0000000091d00000)
 Metaspace       used 64554K, committed 66112K, reserved 1114112K
  class space    used 6942K, committed 7616K, reserved 1048576K
}

