# JRE version: OpenJDK Runtime Environment Temurin-21.0.11+10 (21.0.11+10) (build 21.0.11+10-LTS)
# Java VM: OpenJDK 64-Bit Server VM Temurin-21.0.11+10 (21.0.11+10-LTS, mixed mode, sharing, tiered, compressed oops, compressed class ptrs, parallel gc, windows-amd64)
GC Precious Log:
 CardTable entry size: 512
 CPUs: 8 total, 8 available
 Memory: 7379M
 Large Page Support: Disabled
 NUMA Support: Disabled
 Compressed Oops: Enabled (32-bit)
 Alignments: Space 512K, Generation 512K, Heap 2M
 Heap Min Capacity: 100M
 Heap Initial Capacity: 100M
 Heap Max Capacity: 2G
 Pre-touch: Disabled
 Parallel Workers: 8
Heap:
 PSYoungGen      total 4608K, used 507K [0x00000000d5580000, 0x00000000d5b00000, 0x0000000100000000)
  eden space 4096K, 0% used [0x00000000d5580000,0x00000000d5580000,0x00000000d5980000)
  from space 512K, 99% used [0x00000000d5a80000,0x00000000d5afefc0,0x00000000d5b00000)
  to   space 1024K, 0% used [0x00000000d5980000,0x00000000d5980000,0x00000000d5a80000)
 ParOldGen       total 195584K, used 195328K [0x0000000080000000, 0x000000008bf00000, 0x00000000d5580000)
  object space 195584K, 99% used [0x0000000080000000,0x000000008bec02a0,0x000000008bf00000)
 Metaspace       used 55251K, committed 56704K, reserved 1114112K
  class space    used 5960K, committed 6592K, reserved 1048576K
GC Heap History (20 events):
Event: 39.169 GC heap before
{Heap before GC invocations=460 (full 2):
 PSYoungGen      total 5120K, used 4991K [0x00000000d5580000, 0x00000000d5b80000, 0x0000000100000000)
  eden space 4096K, 99% used [0x00000000d5580000,0x00000000d597fff8,0x00000000d5980000)
  from space 1024K, 87% used [0x00000000d5980000,0x00000000d5a60000,0x00000000d5a80000)
  to   space 1024K, 0% used [0x00000000d5a80000,0x00000000d5a80000,0x00000000d5b80000)
 ParOldGen       total 187392K, used 187208K [0x0000000080000000, 0x000000008b700000, 0x00000000d5580000)
  object space 187392K, 99% used [0x0000000080000000,0x000000008b6d22a0,0x000000008b700000)
 Metaspace       used 55149K, committed 56576K, reserved 1114112K
  class space    used 5960K, committed 6592K, reserved 1048576K
}
Event: 39.171 GC heap after
{Heap after GC invocations=460 (full 2):
 PSYoungGen      total 5120K, used 512K [0x00000000d5580000, 0x00000000d5b80000, 0x0000000100000000)
  eden space 4096K, 0% used [0x00000000d5580000,0x00000000d5580000,0x00000000d5980000)
  from space 1024K, 50% used [0x00000000d5a80000,0x00000000d5b00000,0x00000000d5b80000)
  to   space 1024K, 0% used [0x00000000d5980000,0x00000000d5980000,0x00000000d5a80000)
 ParOldGen       total 188416K, used 187943K [0x0000000080000000, 0x000000008b800000, 0x00000000d5580000)
  object space 188416K, 99% used [0x0000000080000000,0x000000008b789f10,0x000000008b800000)
 Metaspace       used 55149K, committed 56576K, reserved 1114112K
  class space    used 5960K, committed 6592K, reserved 1048576K
}
Event: 39.230 GC heap before
{Heap before GC invocations=461 (full 2):
 PSYoungGen      total 5120K, used 4608K [0x00000000d5580000, 0x00000000d5b80000, 0x0000000100000000)
  eden space 4096K, 100% used [0x00000000d5580000,0x00000000d5980000,0x00000000d5980000)
  from space 1024K, 50% used [0x00000000d5a80000,0x00000000d5b00000,0x00000000d5b80000)
  to   space 1024K, 0% used [0x00000000d5980000,0x00000000d5980000,0x00000000d5a80000)
 ParOldGen       total 188416K, used 187943K [0x0000000080000000, 0x000000008b800000, 0x00000000d5580000)
  object space 188416K, 99% used [0x0000000080000000,0x000000008b789f10,0x000000008b800000)
 Metaspace       used 55151K, committed 56576K, reserved 1114112K
  class space    used 5960K, committed 6592K, reserved 1048576K
}
Event: 39.232 GC heap after
{Heap after GC invocations=461 (full 2):
 PSYoungGen      total 5120K, used 562K [0x00000000d5580000, 0x00000000d5b80000, 0x0000000100000000)
  eden space 4096K, 0% used [0x00000000d5580000,0x00000000d5580000,0x00000000d5980000)
  from space 1024K, 54% used [0x00000000d5980000,0x00000000d5a0c898,0x00000000d5a80000)
  to   space 1024K, 0% used [0x00000000d5a80000,0x00000000d5a80000,0x00000000d5b80000)
 ParOldGen       total 188416K, used 188271K [0x0000000080000000, 0x000000008b800000, 0x00000000d5580000)
  object space 188416K, 99% used [0x0000000080000000,0x000000008b7dbf10,0x000000008b800000)
 Metaspace       used 55151K, committed 56576K, reserved 1114112K
  class space    used 5960K, committed 6592K, reserved 1048576K
}
Event: 39.270 GC heap before
{Heap before GC invocations=462 (full 2):
 PSYoungGen      total 5120K, used 4658K [0x00000000d5580000, 0x00000000d5b80000, 0x0000000100000000)
  eden space 4096K, 100% used [0x00000000d5580000,0x00000000d5980000,0x00000000d5980000)
  from space 1024K, 54% used [0x00000000d5980000,0x00000000d5a0c898,0x00000000d5a80000)
  to   space 1024K, 0% used [0x00000000d5a80000,0x00000000d5a80000,0x00000000d5b80000)
 ParOldGen       total 188416K, used 188271K [0x0000000080000000, 0x000000008b800000, 0x00000000d5580000)
  object space 188416K, 99% used [0x0000000080000000,0x000000008b7dbf10,0x000000008b800000)
 Metaspace       used 55152K, committed 56576K, reserved 1114112K
  class space    used 5960K, committed 6592K, reserved 1048576K
}
Event: 39.272 GC heap after
{Heap after GC invocations=462 (full 2):
 PSYoungGen      total 5120K, used 498K [0x00000000d5580000, 0x00000000d5b80000, 0x0000000100000000)
  eden space 4096K, 0% used [0x00000000d5580000,0x00000000d5580000,0x00000000d5980000)
  from space 1024K, 48% used [0x00000000d5a80000,0x00000000d5afc878,0x00000000d5b80000)
  to   space 1024K, 0% used [0x00000000d5980000,0x00000000d5980000,0x00000000d5a80000)
 ParOldGen       total 188416K, used 188383K [0x0000000080000000, 0x000000008b800000, 0x00000000d5580000)
  object space 188416K, 99% used [0x0000000080000000,0x000000008b7f7f10,0x000000008b800000)
 Metaspace       used 55152K, committed 56576K, reserved 1114112K
  class space    used 5960K, committed 6592K, reserved 1048576K
}
Event: 39.312 GC heap before
{Heap before GC invocations=463 (full 2):
 PSYoungGen      total 5120K, used 4505K [0x00000000d5580000, 0x00000000d5b80000, 0x0000000100000000)
  eden space 4096K, 97% used [0x00000000d5580000,0x00000000d5969e68,0x00000000d5980000)
  from space 1024K, 48% used [0x00000000d5a80000,0x00000000d5afc878,0x00000000d5b80000)
  to   space 1024K, 0% used [0x00000000d5980000,0x00000000d5980000,0x00000000d5a80000)
 ParOldGen       total 188416K, used 188383K [0x0000000080000000, 0x000000008b800000, 0x00000000d5580000)
  object space 188416K, 99% used [0x0000000080000000,0x000000008b7f7f10,0x000000008b800000)
 Metaspace       used 55157K, committed 56576K, reserved 1114112K
  class space    used 5960K, committed 6592K, reserved 1048576K
}
Event: 39.314 GC heap after
{Heap after GC invocations=463 (full 2):
 PSYoungGen      total 5120K, used 288K [0x00000000d5580000, 0x00000000d5b00000, 0x0000000100000000)
  eden space 4096K, 0% used [0x00000000d5580000,0x00000000d5580000,0x00000000d5980000)
  from space 1024K, 28% used [0x00000000d5980000,0x00000000d59c8000,0x00000000d5a80000)
  to   space 512K, 0% used [0x00000000d5a80000,0x00000000d5a80000,0x00000000d5b00000)
 ParOldGen       total 188928K, used 188531K [0x0000000080000000, 0x000000008b880000, 0x00000000d5580000)
  object space 188928K, 99% used [0x0000000080000000,0x000000008b81cf20,0x000000008b880000)
 Metaspace       used 55157K, committed 56576K, reserved 1114112K
  class space    used 5960K, committed 6592K, reserved 1048576K
}
Event: 39.391 GC heap before
{Heap before GC invocations=464 (full 2):
 PSYoungGen      total 5120K, used 4384K [0x00000000d5580000, 0x00000000d5b00000, 0x0000000100000000)
  eden space 4096K, 100% used [0x00000000d5580000,0x00000000d5980000,0x00000000d5980000)
  from space 1024K, 28% used [0x00000000d5980000,0x00000000d59c8000,0x00000000d5a80000)
  to   space 512K, 0% used [0x00000000d5a80000,0x00000000d5a80000,0x00000000d5b00000)
 ParOldGen       total 188928K, used 188531K [0x0000000080000000, 0x000000008b880000, 0x00000000d5580000)
  object space 188928K, 99% used [0x0000000080000000,0x000000008b81cf20,0x000000008b880000)
 Metaspace       used 55171K, committed 56640K, reserved 1114112K
  class space    used 5960K, committed 6592K, reserved 1048576K
}
Event: 39.392 GC heap after
{Heap after GC invocations=464 (full 2):
 PSYoungGen      total 4608K, used 500K [0x00000000d5580000, 0x00000000d5b80000, 0x0000000100000000)
  eden space 4096K, 0% used [0x00000000d5580000,0x00000000d5580000,0x00000000d5980000)
  from space 512K, 97% used [0x00000000d5a80000,0x00000000d5afd0e0,0x00000000d5b00000)
  to   space 1024K, 0% used [0x00000000d5980000,0x00000000d5980000,0x00000000d5a80000)
 ParOldGen       total 188928K, used 188763K [0x0000000080000000, 0x000000008b880000, 0x00000000d5580000)
  object space 188928K, 99% used [0x0000000080000000,0x000000008b856f20,0x000000008b880000)
 Metaspace       used 55171K, committed 56640K, reserved 1114112K
  class space    used 5960K, committed 6592K, reserved 1048576K
}
Event: 39.420 GC heap before
{Heap before GC invocations=465 (full 2):
 PSYoungGen      total 4608K, used 4596K [0x00000000d5580000, 0x00000000d5b80000, 0x0000000100000000)
  eden space 4096K, 100% used [0x00000000d5580000,0x00000000d5980000,0x00000000d5980000)
  from space 512K, 97% used [0x00000000d5a80000,0x00000000d5afd0e0,0x00000000d5b00000)
  to   space 1024K, 0% used [0x00000000d5980000,0x00000000d5980000,0x00000000d5a80000)
 ParOldGen       total 188928K, used 188763K [0x0000000080000000, 0x000000008b880000, 0x00000000d5580000)
  object space 188928K, 99% used [0x0000000080000000,0x000000008b856f20,0x000000008b880000)
 Metaspace       used 55171K, committed 56640K, reserved 1114112K
  class space    used 5960K, committed 6592K, reserved 1048576K
}
Event: 39.421 GC heap after
{Heap after GC invocations=465 (full 2):
 PSYoungGen      total 5120K, used 516K [0x00000000d5580000, 0x00000000d5b80000, 0x0000000100000000)
  eden space 4096K, 0% used [0x00000000d5580000,0x00000000d5580000,0x00000000d5980000)
  from space 1024K, 50% used [0x00000000d5980000,0x00000000d5a01110,0x00000000d5a80000)
  to   space 1024K, 0% used [0x00000000d5a80000,0x00000000d5a80000,0x00000000d5b80000)
 ParOldGen       total 188928K, used 188883K [0x0000000080000000, 0x000000008b880000, 0x00000000d5580000)
  object space 188928K, 99% used [0x0000000080000000,0x000000008b874f20,0x000000008b880000)
 Metaspace       used 55171K, committed 56640K, reserved 1114112K
  class space    used 5960K, committed 6592K, reserved 1048576K
}
Event: 39.461 GC heap before
{Heap before GC invocations=466 (full 2):
 PSYoungGen      total 5120K, used 4612K [0x00000000d5580000, 0x00000000d5b80000, 0x0000000100000000)
  eden space 4096K, 100% used [0x00000000d5580000,0x00000000d5980000,0x00000000d5980000)
  from space 1024K, 50% used [0x00000000d5980000,0x00000000d5a01110,0x00000000d5a80000)
  to   space 1024K, 0% used [0x00000000d5a80000,0x00000000d5a80000,0x00000000d5b80000)
 ParOldGen       total 188928K, used 188883K [0x0000000080000000, 0x000000008b880000, 0x00000000d5580000)
  object space 188928K, 99% used [0x0000000080000000,0x000000008b874f20,0x000000008b880000)
 Metaspace       used 55171K, committed 56640K, reserved 1114112K
  class space    used 5960K, committed 6592K, reserved 1048576K
}
Event: 39.463 GC heap after
{Heap after GC invocations=466 (full 2):
 PSYoungGen      total 5120K, used 672K [0x00000000d5580000, 0x00000000d5b80000, 0x0000000100000000)
  eden space 4096K, 0% used [0x00000000d5580000,0x00000000d5580000,0x00000000d5980000)
  from space 1024K, 65% used [0x00000000d5a80000,0x00000000d5b28000,0x00000000d5b80000)
  to   space 1024K, 0% used [0x00000000d5980000,0x00000000d5980000,0x00000000d5a80000)
 ParOldGen       total 189440K, used 189055K [0x0000000080000000, 0x000000008b900000, 0x00000000d5580000)
  object space 189440K, 99% used [0x0000000080000000,0x000000008b89ff30,0x000000008b900000)
 Metaspace       used 55171K, committed 56640K, reserved 1114112K
  class space    used 5960K, committed 6592K, reserved 1048576K
}
Event: 39.531 GC heap before
{Heap before GC invocations=467 (full 2):
 PSYoungGen      total 5120K, used 4767K [0x00000000d5580000, 0x00000000d5b80000, 0x0000000100000000)
  eden space 4096K, 99% used [0x00000000d5580000,0x00000000d597fff0,0x00000000d5980000)
  from space 1024K, 65% used [0x00000000d5a80000,0x00000000d5b28000,0x00000000d5b80000)
  to   space 1024K, 0% used [0x00000000d5980000,0x00000000d5980000,0x00000000d5a80000)
 ParOldGen       total 189440K, used 189055K [0x0000000080000000, 0x000000008b900000, 0x00000000d5580000)
  object space 189440K, 99% used [0x0000000080000000,0x000000008b89ff30,0x000000008b900000)
 Metaspace       used 55176K, committed 56640K, reserved 1114112K
  class space    used 5960K, committed 6592K, reserved 1048576K
}
Event: 39.533 GC heap after
{Heap after GC invocations=467 (full 2):
 PSYoungGen      total 5120K, used 794K [0x00000000d5580000, 0x00000000d5b80000, 0x0000000100000000)
  eden space 4096K, 0% used [0x00000000d5580000,0x00000000d5580000,0x00000000d5980000)
  from space 1024K, 77% used [0x00000000d5980000,0x00000000d5a46af0,0x00000000d5a80000)
  to   space 1024K, 0% used [0x00000000d5a80000,0x00000000d5a80000,0x00000000d5b80000)
 ParOldGen       total 189952K, used 189559K [0x0000000080000000, 0x000000008b980000, 0x00000000d5580000)
  object space 189952K, 99% used [0x0000000080000000,0x000000008b91df30,0x000000008b980000)
 Metaspace       used 55176K, committed 56640K, reserved 1114112K
  class space    used 5960K, committed 6592K, reserved 1048576K
}
Event: 39.593 GC heap before
{Heap before GC invocations=468 (full 2):
 PSYoungGen      total 5120K, used 4890K [0x00000000d5580000, 0x00000000d5b80000, 0x0000000100000000)
  eden space 4096K, 100% used [0x00000000d5580000,0x00000000d5980000,0x00000000d5980000)
  from space 1024K, 77% used [0x00000000d5980000,0x00000000d5a46af0,0x00000000d5a80000)
  to   space 1024K, 0% used [0x00000000d5a80000,0x00000000d5a80000,0x00000000d5b80000)
 ParOldGen       total 189952K, used 189559K [0x0000000080000000, 0x000000008b980000, 0x00000000d5580000)
  object space 189952K, 99% used [0x0000000080000000,0x000000008b91df30,0x000000008b980000)
 Metaspace       used 55189K, committed 56640K, reserved 1114112K
  class space    used 5960K, committed 6592K, reserved 1048576K
}
Event: 39.595 GC heap after
{Heap after GC invocations=468 (full 2):
 PSYoungGen      total 5120K, used 672K [0x00000000d5580000, 0x00000000d5b80000, 0x0000000100000000)
  eden space 4096K, 0% used [0x00000000d5580000,0x00000000d5580000,0x00000000d5980000)
  from space 1024K, 65% used [0x00000000d5a80000,0x00000000d5b28000,0x00000000d5b80000)
  to   space 1024K, 0% used [0x00000000d5980000,0x00000000d5980000,0x00000000d5a80000)
 ParOldGen       total 190464K, used 190135K [0x0000000080000000, 0x000000008ba00000, 0x00000000d5580000)
  object space 190464K, 99% used [0x0000000080000000,0x000000008b9adf30,0x000000008ba00000)
 Metaspace       used 55189K, committed 56640K, reserved 1114112K
  class space    used 5960K, committed 6592K, reserved 1048576K
}
Event: 40.606 GC heap before
{Heap before GC invocations=469 (full 2):
 PSYoungGen      total 5120K, used 4768K [0x00000000d5580000, 0x00000000d5b80000, 0x0000000100000000)
  eden space 4096K, 100% used [0x00000000d5580000,0x00000000d5980000,0x00000000d5980000)
  from space 1024K, 65% used [0x00000000d5a80000,0x00000000d5b28000,0x00000000d5b80000)
  to   space 1024K, 0% used [0x00000000d5980000,0x00000000d5980000,0x00000000d5a80000)
 ParOldGen       total 190464K, used 190135K [0x0000000080000000, 0x000000008ba00000, 0x00000000d5580000)
  object space 190464K, 99% used [0x0000000080000000,0x000000008b9adf30,0x000000008ba00000)
 Metaspace       used 55191K, committed 56640K, reserved 1114112K
  class space    used 5960K, committed 6592K, reserved 1048576K
}
Event: 40.607 GC heap after
{Heap after GC invocations=469 (full 2):
 PSYoungGen      total 5120K, used 704K [0x00000000d5580000, 0x00000000d5b80000, 0x0000000100000000)
  eden space 4096K, 0% used [0x00000000d5580000,0x00000000d5580000,0x00000000d5980000)
  from space 1024K, 68% used [0x00000000d5980000,0x00000000d5a30000,0x00000000d5a80000)
  to   space 1024K, 0% used [0x00000000d5a80000,0x00000000d5a80000,0x00000000d5b80000)
 ParOldGen       total 190976K, used 190563K [0x0000000080000000, 0x000000008ba80000, 0x00000000d5580000)
  object space 190976K, 99% used [0x0000000080000000,0x000000008ba18f40,0x000000008ba80000)
 Metaspace       used 55191K, committed 56640K, reserved 1114112K
  class space    used 5960K, committed 6592K, reserved 1048576K
}

