# JRE version: OpenJDK Runtime Environment Temurin-21.0.11+10 (21.0.11+10) (build 21.0.11+10-LTS)
# Java VM: OpenJDK 64-Bit Server VM Temurin-21.0.11+10 (21.0.11+10-LTS, mixed mode, sharing, tiered, compressed oops, compressed class ptrs, parallel gc, windows-amd64)
GC Precious Log:
 CardTable entry size: 512
 CPUs: 8 total, 8 available
 Memory: 7379M
 Large Page Support: Disabled
 NUMA Support: Disabled
 Compressed Oops: Enabled (32-bit)
 Alignments: Space 512K, Generation 512K, Heap 2M
 Heap Min Capacity: 100M
 Heap Initial Capacity: 100M
 Heap Max Capacity: 2G
 Pre-touch: Disabled
 Parallel Workers: 8
Heap:
 PSYoungGen      total 6656K, used 3627K [0x00000000d5580000, 0x00000000d5f00000, 0x0000000100000000)
  eden space 5632K, 54% used [0x00000000d5580000,0x00000000d5882fa0,0x00000000d5b00000)
  from space 1024K, 53% used [0x00000000d5e00000,0x00000000d5e88000,0x00000000d5f00000)
  to   space 1024K, 0% used [0x00000000d5d00000,0x00000000d5d00000,0x00000000d5e00000)
 ParOldGen       total 318464K, used 318244K [0x0000000080000000, 0x0000000093700000, 0x00000000d5580000)
  object space 318464K, 99% used [0x0000000080000000,0x00000000936c9170,0x0000000093700000)
 Metaspace       used 63532K, committed 65152K, reserved 1114112K
  class space    used 6822K, committed 7552K, reserved 1048576K
GC Heap History (20 events):
Event: 89.783 GC heap before
{Heap before GC invocations=536 (full 3):
 PSYoungGen      total 9216K, used 9200K [0x00000000d5580000, 0x00000000d6480000, 0x0000000100000000)
  eden space 5632K, 100% used [0x00000000d5580000,0x00000000d5b00000,0x00000000d5b00000)
  from space 3584K, 99% used [0x00000000d6100000,0x00000000d647c288,0x00000000d6480000)
  to   space 4096K, 0% used [0x00000000d5c80000,0x00000000d5c80000,0x00000000d6080000)
 ParOldGen       total 311296K, used 311201K [0x0000000080000000, 0x0000000093000000, 0x00000000d5580000)
  object space 311296K, 99% used [0x0000000080000000,0x0000000092fe86b0,0x0000000093000000)
 Metaspace       used 63479K, committed 65088K, reserved 1114112K
  class space    used 6818K, committed 7552K, reserved 1048576K
}
Event: 89.785 GC heap after
{Heap after GC invocations=536 (full 3):
 PSYoungGen      total 6144K, used 384K [0x00000000d5580000, 0x00000000d6180000, 0x0000000100000000)
  eden space 5632K, 0% used [0x00000000d5580000,0x00000000d5580000,0x00000000d5b00000)
  from space 512K, 75% used [0x00000000d5c80000,0x00000000d5ce0000,0x00000000d5d00000)
  to   space 2048K, 0% used [0x00000000d5f80000,0x00000000d5f80000,0x00000000d6180000)
 ParOldGen       total 311808K, used 311425K [0x0000000080000000, 0x0000000093080000, 0x00000000d5580000)
  object space 311808K, 99% used [0x0000000080000000,0x00000000930206b0,0x0000000093080000)
 Metaspace       used 63479K, committed 65088K, reserved 1114112K
  class space    used 6818K, committed 7552K, reserved 1048576K
}
Event: 89.860 GC heap before
{Heap before GC invocations=537 (full 3):
 PSYoungGen      total 6144K, used 6016K [0x00000000d5580000, 0x00000000d6180000, 0x0000000100000000)
  eden space 5632K, 100% used [0x00000000d5580000,0x00000000d5b00000,0x00000000d5b00000)
  from space 512K, 75% used [0x00000000d5c80000,0x00000000d5ce0000,0x00000000d5d00000)
  to   space 2048K, 0% used [0x00000000d5f80000,0x00000000d5f80000,0x00000000d6180000)
 ParOldGen       total 311808K, used 311425K [0x0000000080000000, 0x0000000093080000, 0x00000000d5580000)
  object space 311808K, 99% used [0x0000000080000000,0x00000000930206b0,0x0000000093080000)
 Metaspace       used 63516K, committed 65152K, reserved 1114112K
  class space    used 6821K, committed 7552K, reserved 1048576K
}
Event: 89.862 GC heap after
{Heap after GC invocations=537 (full 3):
 PSYoungGen      total 7168K, used 1152K [0x00000000d5580000, 0x00000000d6100000, 0x0000000100000000)
  eden space 5632K, 0% used [0x00000000d5580000,0x00000000d5580000,0x00000000d5b00000)
  from space 1536K, 75% used [0x00000000d5f80000,0x00000000d60a0000,0x00000000d6100000)
  to   space 1536K, 0% used [0x00000000d5e00000,0x00000000d5e00000,0x00000000d5f80000)
 ParOldGen       total 311808K, used 311701K [0x0000000080000000, 0x0000000093080000, 0x00000000d5580000)
  object space 311808K, 99% used [0x0000000080000000,0x00000000930656c0,0x0000000093080000)
 Metaspace       used 63516K, committed 65152K, reserved 1114112K
  class space    used 6821K, committed 7552K, reserved 1048576K
}
Event: 89.931 GC heap before
{Heap before GC invocations=538 (full 3):
 PSYoungGen      total 7168K, used 6784K [0x00000000d5580000, 0x00000000d6100000, 0x0000000100000000)
  eden space 5632K, 100% used [0x00000000d5580000,0x00000000d5b00000,0x00000000d5b00000)
  from space 1536K, 75% used [0x00000000d5f80000,0x00000000d60a0000,0x00000000d6100000)
  to   space 1536K, 0% used [0x00000000d5e00000,0x00000000d5e00000,0x00000000d5f80000)
 ParOldGen       total 311808K, used 311701K [0x0000000080000000, 0x0000000093080000, 0x00000000d5580000)
  object space 311808K, 99% used [0x0000000080000000,0x00000000930656c0,0x0000000093080000)
 Metaspace       used 63516K, committed 65152K, reserved 1114112K
  class space    used 6821K, committed 7552K, reserved 1048576K
}
Event: 89.934 GC heap after
{Heap after GC invocations=538 (full 3):
 PSYoungGen      total 6656K, used 768K [0x00000000d5580000, 0x00000000d6000000, 0x0000000100000000)
  eden space 5632K, 0% used [0x00000000d5580000,0x00000000d5580000,0x00000000d5b00000)
  from space 1024K, 75% used [0x00000000d5e00000,0x00000000d5ec0000,0x00000000d5f00000)
  to   space 1024K, 0% used [0x00000000d5f00000,0x00000000d5f00000,0x00000000d6000000)
 ParOldGen       total 312832K, used 312725K [0x0000000080000000, 0x0000000093180000, 0x00000000d5580000)
  object space 312832K, 99% used [0x0000000080000000,0x0000000093165700,0x0000000093180000)
 Metaspace       used 63516K, committed 65152K, reserved 1114112K
  class space    used 6821K, committed 7552K, reserved 1048576K
}
Event: 90.025 GC heap before
{Heap before GC invocations=539 (full 3):
 PSYoungGen      total 6656K, used 6400K [0x00000000d5580000, 0x00000000d6000000, 0x0000000100000000)
  eden space 5632K, 100% used [0x00000000d5580000,0x00000000d5b00000,0x00000000d5b00000)
  from space 1024K, 75% used [0x00000000d5e00000,0x00000000d5ec0000,0x00000000d5f00000)
  to   space 1024K, 0% used [0x00000000d5f00000,0x00000000d5f00000,0x00000000d6000000)
 ParOldGen       total 312832K, used 312725K [0x0000000080000000, 0x0000000093180000, 0x00000000d5580000)
  object space 312832K, 99% used [0x0000000080000000,0x0000000093165700,0x0000000093180000)
 Metaspace       used 63517K, committed 65152K, reserved 1114112K
  class space    used 6821K, committed 7552K, reserved 1048576K
}
Event: 90.028 GC heap after
{Heap after GC invocations=539 (full 3):
 PSYoungGen      total 6656K, used 832K [0x00000000d5580000, 0x00000000d6000000, 0x0000000100000000)
  eden space 5632K, 0% used [0x00000000d5580000,0x00000000d5580000,0x00000000d5b00000)
  from space 1024K, 81% used [0x00000000d5f00000,0x00000000d5fd0000,0x00000000d6000000)
  to   space 1024K, 0% used [0x00000000d5e00000,0x00000000d5e00000,0x00000000d5f00000)
 ParOldGen       total 313344K, used 313341K [0x0000000080000000, 0x0000000093200000, 0x00000000d5580000)
  object space 313344K, 99% used [0x0000000080000000,0x00000000931ff700,0x0000000093200000)
 Metaspace       used 63517K, committed 65152K, reserved 1114112K
  class space    used 6821K, committed 7552K, reserved 1048576K
}
Event: 90.154 GC heap before
{Heap before GC invocations=540 (full 3):
 PSYoungGen      total 6656K, used 6464K [0x00000000d5580000, 0x00000000d6000000, 0x0000000100000000)
  eden space 5632K, 100% used [0x00000000d5580000,0x00000000d5b00000,0x00000000d5b00000)
  from space 1024K, 81% used [0x00000000d5f00000,0x00000000d5fd0000,0x00000000d6000000)
  to   space 1024K, 0% used [0x00000000d5e00000,0x00000000d5e00000,0x00000000d5f00000)
 ParOldGen       total 313344K, used 313341K [0x0000000080000000, 0x0000000093200000, 0x00000000d5580000)
  object space 313344K, 99% used [0x0000000080000000,0x00000000931ff700,0x0000000093200000)
 Metaspace       used 63517K, committed 65152K, reserved 1114112K
  class space    used 6821K, committed 7552K, reserved 1048576K
}
Event: 90.157 GC heap after
{Heap after GC invocations=540 (full 3):
 PSYoungGen      total 6656K, used 880K [0x00000000d5580000, 0x00000000d5f80000, 0x0000000100000000)
  eden space 5632K, 0% used [0x00000000d5580000,0x00000000d5580000,0x00000000d5b00000)
  from space 1024K, 85% used [0x00000000d5e00000,0x00000000d5edc010,0x00000000d5f00000)
  to   space 512K, 0% used [0x00000000d5f00000,0x00000000d5f00000,0x00000000d5f80000)
 ParOldGen       total 314368K, used 313997K [0x0000000080000000, 0x0000000093300000, 0x00000000d5580000)
  object space 314368K, 99% used [0x0000000080000000,0x00000000932a3700,0x0000000093300000)
 Metaspace       used 63517K, committed 65152K, reserved 1114112K
  class space    used 6821K, committed 7552K, reserved 1048576K
}
Event: 90.227 GC heap before
{Heap before GC invocations=541 (full 3):
 PSYoungGen      total 6656K, used 6512K [0x00000000d5580000, 0x00000000d5f80000, 0x0000000100000000)
  eden space 5632K, 100% used [0x00000000d5580000,0x00000000d5b00000,0x00000000d5b00000)
  from space 1024K, 85% used [0x00000000d5e00000,0x00000000d5edc010,0x00000000d5f00000)
  to   space 512K, 0% used [0x00000000d5f00000,0x00000000d5f00000,0x00000000d5f80000)
 ParOldGen       total 314368K, used 313997K [0x0000000080000000, 0x0000000093300000, 0x00000000d5580000)
  object space 314368K, 99% used [0x0000000080000000,0x00000000932a3700,0x0000000093300000)
 Metaspace       used 63519K, committed 65152K, reserved 1114112K
  class space    used 6821K, committed 7552K, reserved 1048576K
}
Event: 90.231 GC heap after
{Heap after GC invocations=541 (full 3):
 PSYoungGen      total 6144K, used 512K [0x00000000d5580000, 0x00000000d5f80000, 0x0000000100000000)
  eden space 5632K, 0% used [0x00000000d5580000,0x00000000d5580000,0x00000000d5b00000)
  from space 512K, 100% used [0x00000000d5f00000,0x00000000d5f80000,0x00000000d5f80000)
  to   space 1536K, 0% used [0x00000000d5c80000,0x00000000d5c80000,0x00000000d5e00000)
 ParOldGen       total 314880K, used 314878K [0x0000000080000000, 0x0000000093380000, 0x00000000d5580000)
  object space 314880K, 99% used [0x0000000080000000,0x000000009337f9e0,0x0000000093380000)
 Metaspace       used 63519K, committed 65152K, reserved 1114112K
  class space    used 6821K, committed 7552K, reserved 1048576K
}
Event: 90.337 GC heap before
{Heap before GC invocations=542 (full 3):
 PSYoungGen      total 6144K, used 6144K [0x00000000d5580000, 0x00000000d5f80000, 0x0000000100000000)
  eden space 5632K, 100% used [0x00000000d5580000,0x00000000d5b00000,0x00000000d5b00000)
  from space 512K, 100% used [0x00000000d5f00000,0x00000000d5f80000,0x00000000d5f80000)
  to   space 1536K, 0% used [0x00000000d5c80000,0x00000000d5c80000,0x00000000d5e00000)
 ParOldGen       total 314880K, used 314878K [0x0000000080000000, 0x0000000093380000, 0x00000000d5580000)
  object space 314880K, 99% used [0x0000000080000000,0x000000009337f9e0,0x0000000093380000)
 Metaspace       used 63519K, committed 65152K, reserved 1114112K
  class space    used 6821K, committed 7552K, reserved 1048576K
}
Event: 90.339 GC heap after
{Heap after GC invocations=542 (full 3):
 PSYoungGen      total 7168K, used 480K [0x00000000d5580000, 0x00000000d5f80000, 0x0000000100000000)
  eden space 5632K, 0% used [0x00000000d5580000,0x00000000d5580000,0x00000000d5b00000)
  from space 1536K, 31% used [0x00000000d5c80000,0x00000000d5cf8000,0x00000000d5e00000)
  to   space 1024K, 0% used [0x00000000d5e80000,0x00000000d5e80000,0x00000000d5f80000)
 ParOldGen       total 315392K, used 315378K [0x0000000080000000, 0x0000000093400000, 0x00000000d5580000)
  object space 315392K, 99% used [0x0000000080000000,0x00000000933fc9f0,0x0000000093400000)
 Metaspace       used 63519K, committed 65152K, reserved 1114112K
  class space    used 6821K, committed 7552K, reserved 1048576K
}
Event: 90.500 GC heap before
{Heap before GC invocations=543 (full 3):
 PSYoungGen      total 7168K, used 6111K [0x00000000d5580000, 0x00000000d5f80000, 0x0000000100000000)
  eden space 5632K, 99% used [0x00000000d5580000,0x00000000d5afff00,0x00000000d5b00000)
  from space 1536K, 31% used [0x00000000d5c80000,0x00000000d5cf8000,0x00000000d5e00000)
  to   space 1024K, 0% used [0x00000000d5e80000,0x00000000d5e80000,0x00000000d5f80000)
 ParOldGen       total 315392K, used 315378K [0x0000000080000000, 0x0000000093400000, 0x00000000d5580000)
  object space 315392K, 99% used [0x0000000080000000,0x00000000933fc9f0,0x0000000093400000)
 Metaspace       used 63527K, committed 65152K, reserved 1114112K
  class space    used 6821K, committed 7552K, reserved 1048576K
}
Event: 90.502 GC heap after
{Heap after GC invocations=543 (full 3):
 PSYoungGen      total 6656K, used 832K [0x00000000d5580000, 0x00000000d5f80000, 0x0000000100000000)
  eden space 5632K, 0% used [0x00000000d5580000,0x00000000d5580000,0x00000000d5b00000)
  from space 1024K, 81% used [0x00000000d5e80000,0x00000000d5f50000,0x00000000d5f80000)
  to   space 1024K, 0% used [0x00000000d5d80000,0x00000000d5d80000,0x00000000d5e80000)
 ParOldGen       total 315904K, used 315730K [0x0000000080000000, 0x0000000093480000, 0x00000000d5580000)
  object space 315904K, 99% used [0x0000000080000000,0x00000000934549f0,0x0000000093480000)
 Metaspace       used 63527K, committed 65152K, reserved 1114112K
  class space    used 6821K, committed 7552K, reserved 1048576K
}
Event: 90.719 GC heap before
{Heap before GC invocations=544 (full 3):
 PSYoungGen      total 6656K, used 6464K [0x00000000d5580000, 0x00000000d5f80000, 0x0000000100000000)
  eden space 5632K, 100% used [0x00000000d5580000,0x00000000d5b00000,0x00000000d5b00000)
  from space 1024K, 81% used [0x00000000d5e80000,0x00000000d5f50000,0x00000000d5f80000)
  to   space 1024K, 0% used [0x00000000d5d80000,0x00000000d5d80000,0x00000000d5e80000)
 ParOldGen       total 315904K, used 315730K [0x0000000080000000, 0x0000000093480000, 0x00000000d5580000)
  object space 315904K, 99% used [0x0000000080000000,0x00000000934549f0,0x0000000093480000)
 Metaspace       used 63529K, committed 65152K, reserved 1114112K
  class space    used 6821K, committed 7552K, reserved 1048576K
}
Event: 90.721 GC heap after
{Heap after GC invocations=544 (full 3):
 PSYoungGen      total 6144K, used 448K [0x00000000d5580000, 0x00000000d5f00000, 0x0000000100000000)
  eden space 5632K, 0% used [0x00000000d5580000,0x00000000d5580000,0x00000000d5b00000)
  from space 512K, 87% used [0x00000000d5d80000,0x00000000d5df0000,0x00000000d5e00000)
  to   space 1024K, 0% used [0x00000000d5e00000,0x00000000d5e00000,0x00000000d5f00000)
 ParOldGen       total 316928K, used 316450K [0x0000000080000000, 0x0000000093580000, 0x00000000d5580000)
  object space 316928K, 99% used [0x0000000080000000,0x0000000093508800,0x0000000093580000)
 Metaspace       used 63529K, committed 65152K, reserved 1114112K
  class space    used 6821K, committed 7552K, reserved 1048576K
}
Event: 90.844 GC heap before
{Heap before GC invocations=545 (full 3):
 PSYoungGen      total 6144K, used 6080K [0x00000000d5580000, 0x00000000d5f00000, 0x0000000100000000)
  eden space 5632K, 100% used [0x00000000d5580000,0x00000000d5b00000,0x00000000d5b00000)
  from space 512K, 87% used [0x00000000d5d80000,0x00000000d5df0000,0x00000000d5e00000)
  to   space 1024K, 0% used [0x00000000d5e00000,0x00000000d5e00000,0x00000000d5f00000)
 ParOldGen       total 316928K, used 316450K [0x0000000080000000, 0x0000000093580000, 0x00000000d5580000)
  object space 316928K, 99% used [0x0000000080000000,0x0000000093508800,0x0000000093580000)
 Metaspace       used 63529K, committed 65152K, reserved 1114112K
  class space    used 6821K, committed 7552K, reserved 1048576K
}
Event: 90.846 GC heap after
{Heap after GC invocations=545 (full 3):
 PSYoungGen      total 6144K, used 448K [0x00000000d5580000, 0x00000000d5e80000, 0x0000000100000000)
  eden space 5632K, 0% used [0x00000000d5580000,0x00000000d5580000,0x00000000d5b00000)
  from space 512K, 87% used [0x00000000d5e00000,0x00000000d5e70000,0x00000000d5e80000)
  to   space 512K, 0% used [0x00000000d5d80000,0x00000000d5d80000,0x00000000d5e00000)
 ParOldGen       total 316928K, used 316818K [0x0000000080000000, 0x0000000093580000, 0x00000000d5580000)
  object space 316928K, 99% used [0x0000000080000000,0x0000000093564800,0x0000000093580000)
 Metaspace       used 63529K, committed 65152K, reserved 1114112K
  class space    used 6821K, committed 7552K, reserved 1048576K
}

