# JRE version: Java(TM) SE Runtime Environment (25.0+37) (build 25+37-LTS-3491)
# Java VM: Java HotSpot(TM) 64-Bit Server VM (25+37-LTS-3491, mixed mode, emulated-client, sharing, tiered, compressed oops, compressed class ptrs, g1 gc, windows-amd64)
GC Precious Log:
 CardTable entry size: 512
 Card Set container configuration: InlinePtr #cards 5 size 8 Array Of Cards #cards 10 size 36 Howl #buckets 4 coarsen threshold 1843 Howl Bitmap #cards 512 size 80 coarsen threshold 460 Card regions per heap region 1 cards per card region 2048
 CPUs: 8 total, 8 available
 Memory: 7379M
 Large Page Support: Disabled
 NUMA Support: Disabled
 Compressed Oops: Enabled (32-bit)
 Heap Region Size: 1M
 Heap Min Capacity: 8M
 Heap Initial Capacity: 116M
 Heap Max Capacity: 1846M
 Pre-touch: Disabled
 Parallel Workers: 8
 Concurrent Workers: 2
 Concurrent Refinement Workers: 8
 Periodic GC: Disabled
Heap:
 garbage-first heap   total reserved 1890304K, committed 80896K, used 74247K [0x000000008ca00000, 0x0000000100000000)
  region size 1024K, 28 young (28672K), 2 survivors (2048K)
GC Heap Usage History (20 events):
Event: 11.635 {heap After GC invocations=9 (full 0):
 garbage-first heap   total reserved 1890304K, committed 75776K, used 31150K [0x000000008ca00000, 0x0000000100000000)
  region size 1024K, 4 young (4096K), 4 survivors (4096K)
}
Event: 13.262 {heap Before GC invocations=9 (full 0):
 garbage-first heap   total reserved 1890304K, committed 75776K, used 62894K [0x000000008ca00000, 0x0000000100000000)
  region size 1024K, 35 young (35840K), 4 survivors (4096K)
}
Event: 13.267 {heap After GC invocations=10 (full 0):
 garbage-first heap   total reserved 1890304K, committed 75776K, used 32423K [0x000000008ca00000, 0x0000000100000000)
  region size 1024K, 5 young (5120K), 5 survivors (5120K)
}
Event: 17.482 {heap Before GC invocations=10 (full 0):
 garbage-first heap   total reserved 1890304K, committed 75776K, used 44711K [0x000000008ca00000, 0x0000000100000000)
  region size 1024K, 18 young (18432K), 5 survivors (5120K)
}
Event: 17.489 {heap After GC invocations=11 (full 0):
 garbage-first heap   total reserved 1890304K, committed 75776K, used 33312K [0x000000008ca00000, 0x0000000100000000)
  region size 1024K, 3 young (3072K), 3 survivors (3072K)
}
Event: 18.641 {heap Before GC invocations=12 (full 0):
 garbage-first heap   total reserved 1890304K, committed 75776K, used 66080K [0x000000008ca00000, 0x0000000100000000)
  region size 1024K, 35 young (35840K), 3 survivors (3072K)
}
Event: 18.646 {heap After GC invocations=13 (full 0):
 garbage-first heap   total reserved 1890304K, committed 75776K, used 36173K [0x000000008ca00000, 0x0000000100000000)
  region size 1024K, 5 young (5120K), 5 survivors (5120K)
}
Event: 19.213 {heap Before GC invocations=13 (full 0):
 garbage-first heap   total reserved 1890304K, committed 75776K, used 64845K [0x000000008ca00000, 0x0000000100000000)
  region size 1024K, 34 young (34816K), 5 survivors (5120K)
}
Event: 19.219 {heap After GC invocations=14 (full 0):
 garbage-first heap   total reserved 1890304K, committed 75776K, used 37899K [0x000000008ca00000, 0x0000000100000000)
  region size 1024K, 2 young (2048K), 2 survivors (2048K)
}
Event: 21.202 {heap Before GC invocations=14 (full 0):
 garbage-first heap   total reserved 1890304K, committed 75776K, used 67595K [0x000000008ca00000, 0x0000000100000000)
  region size 1024K, 31 young (31744K), 2 survivors (2048K)
}
Event: 21.211 {heap After GC invocations=15 (full 0):
 garbage-first heap   total reserved 1890304K, committed 75776K, used 40812K [0x000000008ca00000, 0x0000000100000000)
  region size 1024K, 4 young (4096K), 4 survivors (4096K)
}
Event: 22.208 {heap Before GC invocations=16 (full 0):
 garbage-first heap   total reserved 1890304K, committed 75776K, used 68460K [0x000000008ca00000, 0x0000000100000000)
  region size 1024K, 31 young (31744K), 4 survivors (4096K)
}
Event: 22.213 {heap After GC invocations=17 (full 0):
 garbage-first heap   total reserved 1890304K, committed 75776K, used 43182K [0x000000008ca00000, 0x0000000100000000)
  region size 1024K, 3 young (3072K), 3 survivors (3072K)
}
Event: 23.335 {heap Before GC invocations=17 (full 0):
 garbage-first heap   total reserved 1890304K, committed 75776K, used 67758K [0x000000008ca00000, 0x0000000100000000)
  region size 1024K, 27 young (27648K), 3 survivors (3072K)
}
Event: 23.339 {heap After GC invocations=18 (full 0):
 garbage-first heap   total reserved 1890304K, committed 75776K, used 46613K [0x000000008ca00000, 0x0000000100000000)
  region size 1024K, 4 young (4096K), 4 survivors (4096K)
}
Event: 635.749 {heap Before GC invocations=18 (full 0):
 garbage-first heap   total reserved 1890304K, committed 75776K, used 68117K [0x000000008ca00000, 0x0000000100000000)
  region size 1024K, 25 young (25600K), 4 survivors (4096K)
}
Event: 636.216 {heap After GC invocations=19 (full 0):
 garbage-first heap   total reserved 1890304K, committed 75776K, used 47686K [0x000000008ca00000, 0x0000000100000000)
  region size 1024K, 1 young (1024K), 1 survivors (1024K)
}
Event: 1621.636 {heap Before GC invocations=20 (full 0):
 garbage-first heap   total reserved 1890304K, committed 80896K, used 69190K [0x000000008ca00000, 0x0000000100000000)
  region size 1024K, 22 young (22528K), 1 survivors (1024K)
}
Event: 1621.838 {heap After GC invocations=21 (full 0):
 garbage-first heap   total reserved 1890304K, committed 80896K, used 47623K [0x000000008ca00000, 0x0000000100000000)
  region size 1024K, 1 young (1024K), 1 survivors (1024K)
}
Event: 2204.594 {heap Before GC invocations=21 (full 0):
 garbage-first heap   total reserved 1890304K, committed 80896K, used 73223K [0x000000008ca00000, 0x0000000100000000)
  region size 1024K, 27 young (27648K), 1 survivors (1024K)
}

