# JRE version: Java(TM) SE Runtime Environment (25.0+37) (build 25+37-LTS-3491)
# Java VM: Java HotSpot(TM) 64-Bit Server VM (25+37-LTS-3491, mixed mode, emulated-client, sharing, tiered, compressed oops, compressed class ptrs, g1 gc, windows-amd64)
GC Precious Log:
 CardTable entry size: 512
 Card Set container configuration: InlinePtr #cards 5 size 8 Array Of Cards #cards 10 size 36 Howl #buckets 4 coarsen threshold 1843 Howl Bitmap #cards 512 size 80 coarsen threshold 460 Card regions per heap region 1 cards per card region 2048
 CPUs: 8 total, 8 available
 Memory: 7379M
 Large Page Support: Disabled
 NUMA Support: Disabled
 Compressed Oops: Enabled (32-bit)
 Heap Region Size: 1M
 Heap Min Capacity: 8M
 Heap Initial Capacity: 116M
 Heap Max Capacity: 1846M
 Pre-touch: Disabled
 Parallel Workers: 8
 Concurrent Workers: 2
 Concurrent Refinement Workers: 8
 Periodic GC: Disabled
Heap:
 garbage-first heap   total reserved 1890304K, committed 80896K, used 34840K [0x000000008ca00000, 0x0000000100000000)
  region size 1024K, 3 young (3072K), 1 survivors (1024K)
GC Heap Usage History (20 events):
Event: 180.235 {heap Before GC invocations=9 (full 0):
 garbage-first heap   total reserved 1890304K, committed 80896K, used 66528K [0x000000008ca00000, 0x0000000100000000)
  region size 1024K, 38 young (38912K), 5 survivors (5120K)
}
Event: 180.763 {heap After GC invocations=10 (full 0):
 garbage-first heap   total reserved 1890304K, committed 80896K, used 35359K [0x000000008ca00000, 0x0000000100000000)
  region size 1024K, 3 young (3072K), 3 survivors (3072K)
}
Event: 409.203 {heap Before GC invocations=10 (full 0):
 garbage-first heap   total reserved 1890304K, committed 80896K, used 67103K [0x000000008ca00000, 0x0000000100000000)
  region size 1024K, 35 young (35840K), 3 survivors (3072K)
}
Event: 409.302 {heap After GC invocations=11 (full 0):
 garbage-first heap   total reserved 1890304K, committed 80896K, used 37041K [0x000000008ca00000, 0x0000000100000000)
  region size 1024K, 5 young (5120K), 5 survivors (5120K)
}
Event: 963.480 {heap Before GC invocations=11 (full 0):
 garbage-first heap   total reserved 1890304K, committed 80896K, used 69809K [0x000000008ca00000, 0x0000000100000000)
  region size 1024K, 37 young (37888K), 5 survivors (5120K)
}
Event: 963.749 {heap After GC invocations=12 (full 0):
 garbage-first heap   total reserved 1890304K, committed 80896K, used 37821K [0x000000008ca00000, 0x0000000100000000)
  region size 1024K, 3 young (3072K), 3 survivors (3072K)
}
Event: 1712.260 {heap Before GC invocations=12 (full 0):
 garbage-first heap   total reserved 1890304K, committed 80896K, used 70589K [0x000000008ca00000, 0x0000000100000000)
  region size 1024K, 35 young (35840K), 3 survivors (3072K)
}
Event: 1712.450 {heap After GC invocations=13 (full 0):
 garbage-first heap   total reserved 1890304K, committed 80896K, used 38373K [0x000000008ca00000, 0x0000000100000000)
  region size 1024K, 4 young (4096K), 4 survivors (4096K)
}
Event: 2318.557 {heap Before GC invocations=13 (full 0):
 garbage-first heap   total reserved 1890304K, committed 80896K, used 72165K [0x000000008ca00000, 0x0000000100000000)
  region size 1024K, 37 young (37888K), 4 survivors (4096K)
}
Event: 2319.616 {heap After GC invocations=14 (full 0):
 garbage-first heap   total reserved 1890304K, committed 80896K, used 39093K [0x000000008ca00000, 0x0000000100000000)
  region size 1024K, 3 young (3072K), 3 survivors (3072K)
}
Event: 2349.650 {heap Before GC invocations=14 (full 0):
 garbage-first heap   total reserved 1890304K, committed 80896K, used 40117K [0x000000008ca00000, 0x0000000100000000)
  region size 1024K, 4 young (4096K), 3 survivors (3072K)
}
Event: 2349.716 {heap After GC invocations=15 (full 0):
 garbage-first heap   total reserved 1890304K, committed 80896K, used 39446K [0x000000008ca00000, 0x0000000100000000)
  region size 1024K, 1 young (1024K), 1 survivors (1024K)
}
Event: 2380.010 {heap Before GC invocations=16 (full 0):
 garbage-first heap   total reserved 1890304K, committed 80896K, used 41494K [0x000000008ca00000, 0x0000000100000000)
  region size 1024K, 3 young (3072K), 1 survivors (1024K)
}
Event: 2380.014 {heap After GC invocations=17 (full 0):
 garbage-first heap   total reserved 1890304K, committed 80896K, used 39101K [0x000000008ca00000, 0x0000000100000000)
  region size 1024K, 1 young (1024K), 1 survivors (1024K)
}
Event: 2440.119 {heap Before GC invocations=17 (full 0):
 garbage-first heap   total reserved 1890304K, committed 80896K, used 49341K [0x000000008ca00000, 0x0000000100000000)
  region size 1024K, 11 young (11264K), 1 survivors (1024K)
}
Event: 2440.168 {heap After GC invocations=18 (full 0):
 garbage-first heap   total reserved 1890304K, committed 80896K, used 38663K [0x000000008ca00000, 0x0000000100000000)
  region size 1024K, 2 young (2048K), 2 survivors (2048K)
}
Event: 2560.401 {heap Before GC invocations=18 (full 0):
 garbage-first heap   total reserved 1890304K, committed 80896K, used 44807K [0x000000008ca00000, 0x0000000100000000)
  region size 1024K, 8 young (8192K), 2 survivors (2048K)
}
Event: 2560.529 {heap After GC invocations=19 (full 0):
 garbage-first heap   total reserved 1890304K, committed 80896K, used 35994K [0x000000008ca00000, 0x0000000100000000)
  region size 1024K, 1 young (1024K), 1 survivors (1024K)
}
Event: 3405.546 {heap Before GC invocations=19 (full 0):
 garbage-first heap   total reserved 1890304K, committed 80896K, used 69786K [0x000000008ca00000, 0x0000000100000000)
  region size 1024K, 34 young (34816K), 1 survivors (1024K)
}
Event: 3405.778 {heap After GC invocations=20 (full 0):
 garbage-first heap   total reserved 1890304K, committed 80896K, used 33816K [0x000000008ca00000, 0x0000000100000000)
  region size 1024K, 1 young (1024K), 1 survivors (1024K)
}

