# JRE version: Java(TM) SE Runtime Environment (25.0+37) (build 25+37-LTS-3491)
# Java VM: Java HotSpot(TM) 64-Bit Server VM (25+37-LTS-3491, mixed mode, sharing, tiered, compressed oops, compressed class ptrs, g1 gc, windows-amd64)
GC Precious Log:
 CardTable entry size: 512
 Card Set container configuration: InlinePtr #cards 5 size 8 Array Of Cards #cards 10 size 36 Howl #buckets 4 coarsen threshold 1843 Howl Bitmap #cards 512 size 80 coarsen threshold 460 Card regions per heap region 1 cards per card region 2048
 CPUs: 8 total, 8 available
 Memory: 7379M
 Large Page Support: Disabled
 NUMA Support: Disabled
 Compressed Oops: Enabled (32-bit)
 Heap Region Size: 1M
 Heap Min Capacity: 8M
 Heap Initial Capacity: 116M
 Heap Max Capacity: 1846M
 Pre-touch: Disabled
 Parallel Workers: 8
 Concurrent Workers: 2
 Concurrent Refinement Workers: 8
 Periodic GC: Disabled
Heap:
 garbage-first heap   total reserved 1890304K, committed 120832K, used 78329K [0x000000008ca00000, 0x0000000100000000)
  region size 1024K, 61 young (62464K), 4 survivors (4096K)
GC Heap Usage History (8 events):
Event: 11.850 {heap Before GC invocations=0 (full 0):
 garbage-first heap   total reserved 1890304K, committed 120832K, used 49301K [0x000000008ca00000, 0x0000000100000000)
  region size 1024K, 47 young (48128K), 0 survivors (0K)
}
Event: 11.859 {heap After GC invocations=1 (full 0):
 garbage-first heap   total reserved 1890304K, committed 120832K, used 5141K [0x000000008ca00000, 0x0000000100000000)
  region size 1024K, 4 young (4096K), 4 survivors (4096K)
}
Event: 19.152 {heap Before GC invocations=1 (full 0):
 garbage-first heap   total reserved 1890304K, committed 120832K, used 57365K [0x000000008ca00000, 0x0000000100000000)
  region size 1024K, 55 young (56320K), 4 survivors (4096K)
}
Event: 19.177 {heap After GC invocations=2 (full 0):
 garbage-first heap   total reserved 1890304K, committed 120832K, used 10522K [0x000000008ca00000, 0x0000000100000000)
  region size 1024K, 6 young (6144K), 6 survivors (6144K)
}
Event: 21.188 {heap Before GC invocations=2 (full 0):
 garbage-first heap   total reserved 1890304K, committed 120832K, used 69914K [0x000000008ca00000, 0x0000000100000000)
  region size 1024K, 64 young (65536K), 6 survivors (6144K)
}
Event: 21.212 {heap After GC invocations=3 (full 0):
 garbage-first heap   total reserved 1890304K, committed 120832K, used 17015K [0x000000008ca00000, 0x0000000100000000)
  region size 1024K, 7 young (7168K), 7 survivors (7168K)
}
Event: 23.662 {heap Before GC invocations=3 (full 0):
 garbage-first heap   total reserved 1890304K, committed 120832K, used 80503K [0x000000008ca00000, 0x0000000100000000)
  region size 1024K, 69 young (70656K), 7 survivors (7168K)
}
Event: 23.676 {heap After GC invocations=4 (full 0):
 garbage-first heap   total reserved 1890304K, committed 120832K, used 18937K [0x000000008ca00000, 0x0000000100000000)
  region size 1024K, 4 young (4096K), 4 survivors (4096K)
}

