# JRE version: Java(TM) SE Runtime Environment (25.0+37) (build 25+37-LTS-3491)
# Java VM: Java HotSpot(TM) 64-Bit Server VM (25+37-LTS-3491, mixed mode, emulated-client, sharing, tiered, compressed oops, compressed class ptrs, g1 gc, windows-amd64)
GC Precious Log:
 CardTable entry size: 512
 Card Set container configuration: InlinePtr #cards 5 size 8 Array Of Cards #cards 10 size 36 Howl #buckets 4 coarsen threshold 1843 Howl Bitmap #cards 512 size 80 coarsen threshold 460 Card regions per heap region 1 cards per card region 2048
 CPUs: 8 total, 8 available
 Memory: 7379M
 Large Page Support: Disabled
 NUMA Support: Disabled
 Compressed Oops: Enabled (32-bit)
 Heap Region Size: 1M
 Heap Min Capacity: 8M
 Heap Initial Capacity: 116M
 Heap Max Capacity: 1846M
 Pre-touch: Disabled
 Parallel Workers: 8
 Concurrent Workers: 2
 Concurrent Refinement Workers: 8
 Periodic GC: Disabled
Heap:
 garbage-first heap   total reserved 1890304K, committed 84992K, used 75925K [0x000000008ca00000, 0x0000000100000000)
  region size 1024K, 32 young (32768K), 4 survivors (4096K)
GC Heap Usage History (20 events):
Event: 7.117 {heap After GC invocations=6 (full 0):
 garbage-first heap   total reserved 1890304K, committed 83968K, used 29040K [0x000000008ca00000, 0x0000000100000000)
  region size 1024K, 4 young (4096K), 4 survivors (4096K)
}
Event: 7.350 {heap Before GC invocations=6 (full 0):
 garbage-first heap   total reserved 1890304K, committed 83968K, used 32112K [0x000000008ca00000, 0x0000000100000000)
  region size 1024K, 8 young (8192K), 4 survivors (4096K)
}
Event: 7.355 {heap After GC invocations=7 (full 0):
 garbage-first heap   total reserved 1890304K, committed 83968K, used 29936K [0x000000008ca00000, 0x0000000100000000)
  region size 1024K, 1 young (1024K), 1 survivors (1024K)
}
Event: 9.844 {heap Before GC invocations=8 (full 0):
 garbage-first heap   total reserved 1890304K, committed 83968K, used 66800K [0x000000008ca00000, 0x0000000100000000)
  region size 1024K, 37 young (37888K), 1 survivors (1024K)
}
Event: 9.847 {heap After GC invocations=9 (full 0):
 garbage-first heap   total reserved 1890304K, committed 83968K, used 32313K [0x000000008ca00000, 0x0000000100000000)
  region size 1024K, 4 young (4096K), 4 survivors (4096K)
}
Event: 19.948 {heap Before GC invocations=9 (full 0):
 garbage-first heap   total reserved 1890304K, committed 83968K, used 69177K [0x000000008ca00000, 0x0000000100000000)
  region size 1024K, 40 young (40960K), 4 survivors (4096K)
}
Event: 19.953 {heap After GC invocations=10 (full 0):
 garbage-first heap   total reserved 1890304K, committed 83968K, used 34709K [0x000000008ca00000, 0x0000000100000000)
  region size 1024K, 3 young (3072K), 3 survivors (3072K)
}
Event: 20.506 {heap Before GC invocations=10 (full 0):
 garbage-first heap   total reserved 1890304K, committed 83968K, used 45973K [0x000000008ca00000, 0x0000000100000000)
  region size 1024K, 15 young (15360K), 3 survivors (3072K)
}
Event: 20.510 {heap After GC invocations=11 (full 0):
 garbage-first heap   total reserved 1890304K, committed 83968K, used 35140K [0x000000008ca00000, 0x0000000100000000)
  region size 1024K, 4 young (4096K), 4 survivors (4096K)
}
Event: 24.083 {heap Before GC invocations=12 (full 0):
 garbage-first heap   total reserved 1890304K, committed 83968K, used 72004K [0x000000008ca00000, 0x0000000100000000)
  region size 1024K, 40 young (40960K), 4 survivors (4096K)
}
Event: 24.087 {heap After GC invocations=13 (full 0):
 garbage-first heap   total reserved 1890304K, committed 83968K, used 37419K [0x000000008ca00000, 0x0000000100000000)
  region size 1024K, 3 young (3072K), 3 survivors (3072K)
}
Event: 25.744 {heap Before GC invocations=13 (full 0):
 garbage-first heap   total reserved 1890304K, committed 83968K, used 74283K [0x000000008ca00000, 0x0000000100000000)
  region size 1024K, 39 young (39936K), 3 survivors (3072K)
}
Event: 25.749 {heap After GC invocations=14 (full 0):
 garbage-first heap   total reserved 1890304K, committed 83968K, used 39720K [0x000000008ca00000, 0x0000000100000000)
  region size 1024K, 5 young (5120K), 5 survivors (5120K)
}
Event: 27.091 {heap Before GC invocations=14 (full 0):
 garbage-first heap   total reserved 1890304K, committed 83968K, used 74536K [0x000000008ca00000, 0x0000000100000000)
  region size 1024K, 39 young (39936K), 5 survivors (5120K)
}
Event: 27.098 {heap After GC invocations=15 (full 0):
 garbage-first heap   total reserved 1890304K, committed 84992K, used 44650K [0x000000008ca00000, 0x0000000100000000)
  region size 1024K, 5 young (5120K), 5 survivors (5120K)
}
Event: 1822.242 {heap Before GC invocations=15 (full 0):
 garbage-first heap   total reserved 1890304K, committed 84992K, used 75370K [0x000000008ca00000, 0x0000000100000000)
  region size 1024K, 35 young (35840K), 5 survivors (5120K)
}
Event: 1822.466 {heap After GC invocations=16 (full 0):
 garbage-first heap   total reserved 1890304K, committed 84992K, used 46679K [0x000000008ca00000, 0x0000000100000000)
  region size 1024K, 3 young (3072K), 3 survivors (3072K)
}
Event: 4635.235 {heap Before GC invocations=17 (full 0):
 garbage-first heap   total reserved 1890304K, committed 84992K, used 74327K [0x000000008ca00000, 0x0000000100000000)
  region size 1024K, 31 young (31744K), 3 survivors (3072K)
}
Event: 4635.315 {heap After GC invocations=18 (full 0):
 garbage-first heap   total reserved 1890304K, committed 84992K, used 47253K [0x000000008ca00000, 0x0000000100000000)
  region size 1024K, 4 young (4096K), 4 survivors (4096K)
}
Event: 4652.683 {heap Before GC invocations=18 (full 0):
 garbage-first heap   total reserved 1890304K, committed 84992K, used 74901K [0x000000008ca00000, 0x0000000100000000)
  region size 1024K, 32 young (32768K), 4 survivors (4096K)
}

