# JRE version: Java(TM) SE Runtime Environment (25.0+37) (build 25+37-LTS-3491)
# Java VM: Java HotSpot(TM) 64-Bit Server VM (25+37-LTS-3491, mixed mode, emulated-client, sharing, tiered, compressed oops, compressed class ptrs, g1 gc, windows-amd64)
GC Precious Log:
 CardTable entry size: 512
 Card Set container configuration: InlinePtr #cards 5 size 8 Array Of Cards #cards 10 size 36 Howl #buckets 4 coarsen threshold 1843 Howl Bitmap #cards 512 size 80 coarsen threshold 460 Card regions per heap region 1 cards per card region 2048
 CPUs: 8 total, 8 available
 Memory: 7379M
 Large Page Support: Disabled
 NUMA Support: Disabled
 Compressed Oops: Enabled (32-bit)
 Heap Region Size: 1M
 Heap Min Capacity: 8M
 Heap Initial Capacity: 116M
 Heap Max Capacity: 1846M
 Pre-touch: Disabled
 Parallel Workers: 8
 Concurrent Workers: 2
 Concurrent Refinement Workers: 8
 Periodic GC: Disabled
Heap:
 garbage-first heap   total reserved 1890304K, committed 130048K, used 78579K [0x000000008ca00000, 0x0000000100000000)
  region size 1024K, 33 young (33792K), 5 survivors (5120K)
GC Heap Usage History (20 events):
Event: 4854.200 {heap After GC invocations=38 (full 4):
 garbage-first heap   total reserved 1890304K, committed 147456K, used 41538K [0x000000008ca00000, 0x0000000100000000)
  region size 1024K, 0 young (0K), 0 survivors (0K)
}
Event: 4858.090 {heap Before GC invocations=38 (full 4):
 garbage-first heap   total reserved 1890304K, committed 147456K, used 101954K [0x000000008ca00000, 0x0000000100000000)
  region size 1024K, 60 young (61440K), 0 survivors (0K)
}
Event: 4858.117 {heap After GC invocations=39 (full 4):
 garbage-first heap   total reserved 1890304K, committed 147456K, used 50754K [0x000000008ca00000, 0x0000000100000000)
  region size 1024K, 9 young (9216K), 9 survivors (9216K)
}
Event: 5086.215 {heap Before GC invocations=40 (full 4):
 garbage-first heap   total reserved 1890304K, committed 147456K, used 118338K [0x000000008ca00000, 0x0000000100000000)
  region size 1024K, 74 young (75776K), 9 survivors (9216K)
}
Event: 5086.526 {heap After GC invocations=41 (full 4):
 garbage-first heap   total reserved 1890304K, committed 147456K, used 51251K [0x000000008ca00000, 0x0000000100000000)
  region size 1024K, 5 young (5120K), 5 survivors (5120K)
}
Event: 9565.587 {heap Before GC invocations=41 (full 4):
 garbage-first heap   total reserved 1890304K, committed 147456K, used 119859K [0x000000008ca00000, 0x0000000100000000)
  region size 1024K, 72 young (73728K), 5 survivors (5120K)
}
Event: 9565.702 {heap After GC invocations=42 (full 4):
 garbage-first heap   total reserved 1890304K, committed 147456K, used 50976K [0x000000008ca00000, 0x0000000100000000)
  region size 1024K, 4 young (4096K), 4 survivors (4096K)
}
Event: 9708.523 {heap Before GC invocations=42 (full 4):
 garbage-first heap   total reserved 1890304K, committed 147456K, used 59168K [0x000000008ca00000, 0x0000000100000000)
  region size 1024K, 13 young (13312K), 4 survivors (4096K)
}
Event: 9712.800 {heap After GC invocations=43 (full 5):
 garbage-first heap   total reserved 1890304K, committed 130048K, used 37253K [0x000000008ca00000, 0x0000000100000000)
  region size 1024K, 0 young (0K), 0 survivors (0K)
}
Event: 9726.488 {heap Before GC invocations=43 (full 5):
 garbage-first heap   total reserved 1890304K, committed 130048K, used 101765K [0x000000008ca00000, 0x0000000100000000)
  region size 1024K, 65 young (66560K), 0 survivors (0K)
}
Event: 9726.564 {heap After GC invocations=44 (full 5):
 garbage-first heap   total reserved 1890304K, committed 130048K, used 47059K [0x000000008ca00000, 0x0000000100000000)
  region size 1024K, 9 young (9216K), 9 survivors (9216K)
}
Event: 9733.733 {heap Before GC invocations=45 (full 5):
 garbage-first heap   total reserved 1890304K, committed 130048K, used 69587K [0x000000008ca00000, 0x0000000100000000)
  region size 1024K, 30 young (30720K), 9 survivors (9216K)
}
Event: 9733.764 {heap After GC invocations=46 (full 5):
 garbage-first heap   total reserved 1890304K, committed 130048K, used 49760K [0x000000008ca00000, 0x0000000100000000)
  region size 1024K, 4 young (4096K), 4 survivors (4096K)
}
Event: 9741.215 {heap Before GC invocations=46 (full 5):
 garbage-first heap   total reserved 1890304K, committed 130048K, used 97888K [0x000000008ca00000, 0x0000000100000000)
  region size 1024K, 52 young (53248K), 4 survivors (4096K)
}
Event: 9742.346 {heap After GC invocations=47 (full 6):
 garbage-first heap   total reserved 1890304K, committed 130048K, used 41873K [0x000000008ca00000, 0x0000000100000000)
  region size 1024K, 0 young (0K), 0 survivors (0K)
}
Event: 9748.573 {heap Before GC invocations=47 (full 6):
 garbage-first heap   total reserved 1890304K, committed 130048K, used 101265K [0x000000008ca00000, 0x0000000100000000)
  region size 1024K, 59 young (60416K), 0 survivors (0K)
}
Event: 9748.692 {heap After GC invocations=48 (full 6):
 garbage-first heap   total reserved 1890304K, committed 130048K, used 50831K [0x000000008ca00000, 0x0000000100000000)
  region size 1024K, 9 young (9216K), 9 survivors (9216K)
}
Event: 9801.409 {heap Before GC invocations=49 (full 6):
 garbage-first heap   total reserved 1890304K, committed 130048K, used 109199K [0x000000008ca00000, 0x0000000100000000)
  region size 1024K, 65 young (66560K), 9 survivors (9216K)
}
Event: 9801.966 {heap After GC invocations=50 (full 6):
 garbage-first heap   total reserved 1890304K, committed 130048K, used 51955K [0x000000008ca00000, 0x0000000100000000)
  region size 1024K, 5 young (5120K), 5 survivors (5120K)
}
Event: 10706.204 {heap Before GC invocations=50 (full 6):
 garbage-first heap   total reserved 1890304K, committed 130048K, used 78579K [0x000000008ca00000, 0x0000000100000000)
  region size 1024K, 33 young (33792K), 5 survivors (5120K)
}

